have_func: checking for random()... -------------------- yes

DYLD_FALLBACK_LIBRARY_PATH=.:/Users/ajinkya/.rvm/rubies/ruby-3.1.2/lib "gcc -o conftest -I/Users/ajinkya/.rvm/rubies/ruby-3.1.2/include/ruby-3.1.0/arm64-darwin21 -I/Users/ajinkya/.rvm/rubies/ruby-3.1.2/include/ruby-3.1.0/ruby/backward -I/Users/ajinkya/.rvm/rubies/ruby-3.1.2/include/ruby-3.1.0 -I. -D_XOPEN_SOURCE -D_DARWIN_C_SOURCE -D_DARWIN_UNLIMITED_SELECT -D_REENTRANT   -Wno-error=implicit-function-declaration=implicit-function-declaration conftest.c  -L. -L/Users/ajinkya/.rvm/rubies/ruby-3.1.2/lib -L. -L/opt/homebrew/opt/libyaml/lib -L/opt/homebrew/opt/libksba/lib -L/opt/homebrew/opt/readline/lib -L/opt/homebrew/opt/zlib/lib -L/opt/homebrew/opt/openssl@1.1/lib -fstack-protector-strong -L/usr/local/lib     -lruby.3.1   "
warning: unknown warning option '-Werror=implicit-function-declaration=implicit-function-declaration'; did you mean '-Werror=implicit-function-declaration'? [-Wunknown-warning-option]
1 warning generated.
checked program was:
/* begin */
1: #include "ruby.h"
2: 
3: int main(int argc, char **argv)
4: {
5:   return !!argv[argc];
6: }
/* end */

DYLD_FALLBACK_LIBRARY_PATH=.:/Users/ajinkya/.rvm/rubies/ruby-3.1.2/lib "gcc -o conftest -I/Users/ajinkya/.rvm/rubies/ruby-3.1.2/include/ruby-3.1.0/arm64-darwin21 -I/Users/ajinkya/.rvm/rubies/ruby-3.1.2/include/ruby-3.1.0/ruby/backward -I/Users/ajinkya/.rvm/rubies/ruby-3.1.2/include/ruby-3.1.0 -I. -D_XOPEN_SOURCE -D_DARWIN_C_SOURCE -D_DARWIN_UNLIMITED_SELECT -D_REENTRANT   -Wno-error=implicit-function-declaration=implicit-function-declaration conftest.c  -L. -L/Users/ajinkya/.rvm/rubies/ruby-3.1.2/lib -L. -L/opt/homebrew/opt/libyaml/lib -L/opt/homebrew/opt/libksba/lib -L/opt/homebrew/opt/readline/lib -L/opt/homebrew/opt/zlib/lib -L/opt/homebrew/opt/openssl@1.1/lib -fstack-protector-strong -L/usr/local/lib     -lruby.3.1   "
warning: unknown warning option '-Werror=implicit-function-declaration=implicit-function-declaration'; did you mean '-Werror=implicit-function-declaration'? [-Wunknown-warning-option]
1 warning generated.
checked program was:
/* begin */
 1: #include "ruby.h"
 2: 
 3: /*top*/
 4: extern int t(void);
 5: int main(int argc, char **argv)
 6: {
 7:   if (argc > 1000000) {
 8:     int (* volatile tp)(void)=(int (*)(void))&t;
 9:     printf("%d", (*tp)());
10:   }
11: 
12:   return !!argv[argc];
13: }
14: int t(void) { void ((*volatile p)()); p = (void ((*)()))random; return !p; }
/* end */

--------------------

have_func: checking for srandom()... -------------------- yes

DYLD_FALLBACK_LIBRARY_PATH=.:/Users/ajinkya/.rvm/rubies/ruby-3.1.2/lib "gcc -o conftest -I/Users/ajinkya/.rvm/rubies/ruby-3.1.2/include/ruby-3.1.0/arm64-darwin21 -I/Users/ajinkya/.rvm/rubies/ruby-3.1.2/include/ruby-3.1.0/ruby/backward -I/Users/ajinkya/.rvm/rubies/ruby-3.1.2/include/ruby-3.1.0 -I. -D_XOPEN_SOURCE -D_DARWIN_C_SOURCE -D_DARWIN_UNLIMITED_SELECT -D_REENTRANT   -Wno-error=implicit-function-declaration=implicit-function-declaration conftest.c  -L. -L/Users/ajinkya/.rvm/rubies/ruby-3.1.2/lib -L. -L/opt/homebrew/opt/libyaml/lib -L/opt/homebrew/opt/libksba/lib -L/opt/homebrew/opt/readline/lib -L/opt/homebrew/opt/zlib/lib -L/opt/homebrew/opt/openssl@1.1/lib -fstack-protector-strong -L/usr/local/lib     -lruby.3.1   "
warning: unknown warning option '-Werror=implicit-function-declaration=implicit-function-declaration'; did you mean '-Werror=implicit-function-declaration'? [-Wunknown-warning-option]
1 warning generated.
checked program was:
/* begin */
 1: #include "ruby.h"
 2: 
 3: /*top*/
 4: extern int t(void);
 5: int main(int argc, char **argv)
 6: {
 7:   if (argc > 1000000) {
 8:     int (* volatile tp)(void)=(int (*)(void))&t;
 9:     printf("%d", (*tp)());
10:   }
11: 
12:   return !!argv[argc];
13: }
14: int t(void) { void ((*volatile p)()); p = (void ((*)()))srandom; return !p; }
/* end */

--------------------

have_func: checking for rand()... -------------------- yes

DYLD_FALLBACK_LIBRARY_PATH=.:/Users/ajinkya/.rvm/rubies/ruby-3.1.2/lib "gcc -o conftest -I/Users/ajinkya/.rvm/rubies/ruby-3.1.2/include/ruby-3.1.0/arm64-darwin21 -I/Users/ajinkya/.rvm/rubies/ruby-3.1.2/include/ruby-3.1.0/ruby/backward -I/Users/ajinkya/.rvm/rubies/ruby-3.1.2/include/ruby-3.1.0 -I. -D_XOPEN_SOURCE -D_DARWIN_C_SOURCE -D_DARWIN_UNLIMITED_SELECT -D_REENTRANT   -Wno-error=implicit-function-declaration=implicit-function-declaration conftest.c  -L. -L/Users/ajinkya/.rvm/rubies/ruby-3.1.2/lib -L. -L/opt/homebrew/opt/libyaml/lib -L/opt/homebrew/opt/libksba/lib -L/opt/homebrew/opt/readline/lib -L/opt/homebrew/opt/zlib/lib -L/opt/homebrew/opt/openssl@1.1/lib -fstack-protector-strong -L/usr/local/lib     -lruby.3.1   "
warning: unknown warning option '-Werror=implicit-function-declaration=implicit-function-declaration'; did you mean '-Werror=implicit-function-declaration'? [-Wunknown-warning-option]
1 warning generated.
checked program was:
/* begin */
 1: #include "ruby.h"
 2: 
 3: /*top*/
 4: extern int t(void);
 5: int main(int argc, char **argv)
 6: {
 7:   if (argc > 1000000) {
 8:     int (* volatile tp)(void)=(int (*)(void))&t;
 9:     printf("%d", (*tp)());
10:   }
11: 
12:   return !!argv[argc];
13: }
14: int t(void) { void ((*volatile p)()); p = (void ((*)()))rand; return !p; }
/* end */

--------------------

have_func: checking for srand()... -------------------- yes

DYLD_FALLBACK_LIBRARY_PATH=.:/Users/ajinkya/.rvm/rubies/ruby-3.1.2/lib "gcc -o conftest -I/Users/ajinkya/.rvm/rubies/ruby-3.1.2/include/ruby-3.1.0/arm64-darwin21 -I/Users/ajinkya/.rvm/rubies/ruby-3.1.2/include/ruby-3.1.0/ruby/backward -I/Users/ajinkya/.rvm/rubies/ruby-3.1.2/include/ruby-3.1.0 -I. -D_XOPEN_SOURCE -D_DARWIN_C_SOURCE -D_DARWIN_UNLIMITED_SELECT -D_REENTRANT   -Wno-error=implicit-function-declaration=implicit-function-declaration conftest.c  -L. -L/Users/ajinkya/.rvm/rubies/ruby-3.1.2/lib -L. -L/opt/homebrew/opt/libyaml/lib -L/opt/homebrew/opt/libksba/lib -L/opt/homebrew/opt/readline/lib -L/opt/homebrew/opt/zlib/lib -L/opt/homebrew/opt/openssl@1.1/lib -fstack-protector-strong -L/usr/local/lib     -lruby.3.1   "
warning: unknown warning option '-Werror=implicit-function-declaration=implicit-function-declaration'; did you mean '-Werror=implicit-function-declaration'? [-Wunknown-warning-option]
1 warning generated.
checked program was:
/* begin */
 1: #include "ruby.h"
 2: 
 3: /*top*/
 4: extern int t(void);
 5: int main(int argc, char **argv)
 6: {
 7:   if (argc > 1000000) {
 8:     int (* volatile tp)(void)=(int (*)(void))&t;
 9:     printf("%d", (*tp)());
10:   }
11: 
12:   return !!argv[argc];
13: }
14: int t(void) { void ((*volatile p)()); p = (void ((*)()))srand; return !p; }
/* end */

--------------------

check_sizeof: checking size of unsigned long... -------------------- 8

DYLD_FALLBACK_LIBRARY_PATH=.:/Users/ajinkya/.rvm/rubies/ruby-3.1.2/lib "gcc -I/Users/ajinkya/.rvm/rubies/ruby-3.1.2/include/ruby-3.1.0/arm64-darwin21 -I/Users/ajinkya/.rvm/rubies/ruby-3.1.2/include/ruby-3.1.0/ruby/backward -I/Users/ajinkya/.rvm/rubies/ruby-3.1.2/include/ruby-3.1.0 -I. -D_XOPEN_SOURCE -D_DARWIN_C_SOURCE -D_DARWIN_UNLIMITED_SELECT -D_REENTRANT   -Wno-error=implicit-function-declaration=implicit-function-declaration   -c conftest.c"
warning: unknown warning option '-Werror=implicit-function-declaration=implicit-function-declaration'; did you mean '-Werror=implicit-function-declaration'? [-Wunknown-warning-option]
conftest.c:7:20: error: 'conftest_const' declared as an array with a negative size
int conftest_const[(sizeof((*rbcv_ptr_)) < 0) ? 1 : -1];
                   ^~~~~~~~~~~~~~~~~~~~~~~~~~~~~~~~~~~
1 warning and 1 error generated.
checked program was:
/* begin */
1: #include "ruby.h"
2: 
3: typedef unsigned long rbcv_typedef_;
4: rbcv_typedef_ *rbcv_ptr_;
5: 
6: /*top*/
7: int conftest_const[(sizeof((*rbcv_ptr_)) < 0) ? 1 : -1];
/* end */

DYLD_FALLBACK_LIBRARY_PATH=.:/Users/ajinkya/.rvm/rubies/ruby-3.1.2/lib "gcc -o conftest -I/Users/ajinkya/.rvm/rubies/ruby-3.1.2/include/ruby-3.1.0/arm64-darwin21 -I/Users/ajinkya/.rvm/rubies/ruby-3.1.2/include/ruby-3.1.0/ruby/backward -I/Users/ajinkya/.rvm/rubies/ruby-3.1.2/include/ruby-3.1.0 -I. -D_XOPEN_SOURCE -D_DARWIN_C_SOURCE -D_DARWIN_UNLIMITED_SELECT -D_REENTRANT   -Wno-error=implicit-function-declaration=implicit-function-declaration conftest.c  -L. -L/Users/ajinkya/.rvm/rubies/ruby-3.1.2/lib -L. -L/opt/homebrew/opt/libyaml/lib -L/opt/homebrew/opt/libksba/lib -L/opt/homebrew/opt/readline/lib -L/opt/homebrew/opt/zlib/lib -L/opt/homebrew/opt/openssl@1.1/lib -fstack-protector-strong -L/usr/local/lib     -lruby.3.1   "
warning: unknown warning option '-Werror=implicit-function-declaration=implicit-function-declaration'; did you mean '-Werror=implicit-function-declaration'? [-Wunknown-warning-option]
1 warning generated.
checked program was:
/* begin */
 1: #include "ruby.h"
 2: 
 3: typedef unsigned long rbcv_typedef_;
 4: rbcv_typedef_ *rbcv_ptr_;
 5: 
 6: #include <stdio.h>
 7: /*top*/
 8: typedef unsigned
 9: #ifdef PRI_LL_PREFIX
10: #define PRI_CONFTEST_PREFIX PRI_LL_PREFIX
11: LONG_LONG
12: #else
13: #define PRI_CONFTEST_PREFIX "l"
14: long
15: #endif
16: conftest_type;
17: conftest_type conftest_const = (conftest_type)(sizeof((*rbcv_ptr_)));
18: int main() {printf("%"PRI_CONFTEST_PREFIX"u\n", conftest_const); return 0;}
/* end */

DYLD_FALLBACK_LIBRARY_PATH=.:/Users/ajinkya/.rvm/rubies/ruby-3.1.2/lib ./conftest |
--------------------

check_sizeof: checking size of unsigned int... -------------------- 4

DYLD_FALLBACK_LIBRARY_PATH=.:/Users/ajinkya/.rvm/rubies/ruby-3.1.2/lib "gcc -I/Users/ajinkya/.rvm/rubies/ruby-3.1.2/include/ruby-3.1.0/arm64-darwin21 -I/Users/ajinkya/.rvm/rubies/ruby-3.1.2/include/ruby-3.1.0/ruby/backward -I/Users/ajinkya/.rvm/rubies/ruby-3.1.2/include/ruby-3.1.0 -I. -D_XOPEN_SOURCE -D_DARWIN_C_SOURCE -D_DARWIN_UNLIMITED_SELECT -D_REENTRANT   -Wno-error=implicit-function-declaration=implicit-function-declaration   -c conftest.c"
warning: unknown warning option '-Werror=implicit-function-declaration=implicit-function-declaration'; did you mean '-Werror=implicit-function-declaration'? [-Wunknown-warning-option]
conftest.c:7:20: error: 'conftest_const' declared as an array with a negative size
int conftest_const[(sizeof((*rbcv_ptr_)) < 0) ? 1 : -1];
                   ^~~~~~~~~~~~~~~~~~~~~~~~~~~~~~~~~~~
1 warning and 1 error generated.
checked program was:
/* begin */
1: #include "ruby.h"
2: 
3: typedef unsigned int rbcv_typedef_;
4: rbcv_typedef_ *rbcv_ptr_;
5: 
6: /*top*/
7: int conftest_const[(sizeof((*rbcv_ptr_)) < 0) ? 1 : -1];
/* end */

DYLD_FALLBACK_LIBRARY_PATH=.:/Users/ajinkya/.rvm/rubies/ruby-3.1.2/lib "gcc -o conftest -I/Users/ajinkya/.rvm/rubies/ruby-3.1.2/include/ruby-3.1.0/arm64-darwin21 -I/Users/ajinkya/.rvm/rubies/ruby-3.1.2/include/ruby-3.1.0/ruby/backward -I/Users/ajinkya/.rvm/rubies/ruby-3.1.2/include/ruby-3.1.0 -I. -D_XOPEN_SOURCE -D_DARWIN_C_SOURCE -D_DARWIN_UNLIMITED_SELECT -D_REENTRANT   -Wno-error=implicit-function-declaration=implicit-function-declaration conftest.c  -L. -L/Users/ajinkya/.rvm/rubies/ruby-3.1.2/lib -L. -L/opt/homebrew/opt/libyaml/lib -L/opt/homebrew/opt/libksba/lib -L/opt/homebrew/opt/readline/lib -L/opt/homebrew/opt/zlib/lib -L/opt/homebrew/opt/openssl@1.1/lib -fstack-protector-strong -L/usr/local/lib     -lruby.3.1   "
warning: unknown warning option '-Werror=implicit-function-declaration=implicit-function-declaration'; did you mean '-Werror=implicit-function-declaration'? [-Wunknown-warning-option]
1 warning generated.
checked program was:
/* begin */
 1: #include "ruby.h"
 2: 
 3: typedef unsigned int rbcv_typedef_;
 4: rbcv_typedef_ *rbcv_ptr_;
 5: 
 6: #include <stdio.h>
 7: /*top*/
 8: typedef unsigned
 9: #ifdef PRI_LL_PREFIX
10: #define PRI_CONFTEST_PREFIX PRI_LL_PREFIX
11: LONG_LONG
12: #else
13: #define PRI_CONFTEST_PREFIX "l"
14: long
15: #endif
16: conftest_type;
17: conftest_type conftest_const = (conftest_type)(sizeof((*rbcv_ptr_)));
18: int main() {printf("%"PRI_CONFTEST_PREFIX"u\n", conftest_const); return 0;}
/* end */

DYLD_FALLBACK_LIBRARY_PATH=.:/Users/ajinkya/.rvm/rubies/ruby-3.1.2/lib ./conftest |
--------------------

check_sizeof: checking size of unsigned int... -------------------- 4

DYLD_FALLBACK_LIBRARY_PATH=.:/Users/ajinkya/.rvm/rubies/ruby-3.1.2/lib "gcc -I/Users/ajinkya/.rvm/rubies/ruby-3.1.2/include/ruby-3.1.0/arm64-darwin21 -I/Users/ajinkya/.rvm/rubies/ruby-3.1.2/include/ruby-3.1.0/ruby/backward -I/Users/ajinkya/.rvm/rubies/ruby-3.1.2/include/ruby-3.1.0 -I. -D_XOPEN_SOURCE -D_DARWIN_C_SOURCE -D_DARWIN_UNLIMITED_SELECT -D_REENTRANT   -Wno-error=implicit-function-declaration=implicit-function-declaration   -c conftest.c"
warning: unknown warning option '-Werror=implicit-function-declaration=implicit-function-declaration'; did you mean '-Werror=implicit-function-declaration'? [-Wunknown-warning-option]
conftest.c:7:20: error: 'conftest_const' declared as an array with a negative size
int conftest_const[(sizeof((*rbcv_ptr_)) < 0) ? 1 : -1];
                   ^~~~~~~~~~~~~~~~~~~~~~~~~~~~~~~~~~~
1 warning and 1 error generated.
checked program was:
/* begin */
1: #include "ruby.h"
2: 
3: typedef unsigned int rbcv_typedef_;
4: rbcv_typedef_ *rbcv_ptr_;
5: 
6: /*top*/
7: int conftest_const[(sizeof((*rbcv_ptr_)) < 0) ? 1 : -1];
/* end */

DYLD_FALLBACK_LIBRARY_PATH=.:/Users/ajinkya/.rvm/rubies/ruby-3.1.2/lib "gcc -o conftest -I/Users/ajinkya/.rvm/rubies/ruby-3.1.2/include/ruby-3.1.0/arm64-darwin21 -I/Users/ajinkya/.rvm/rubies/ruby-3.1.2/include/ruby-3.1.0/ruby/backward -I/Users/ajinkya/.rvm/rubies/ruby-3.1.2/include/ruby-3.1.0 -I. -D_XOPEN_SOURCE -D_DARWIN_C_SOURCE -D_DARWIN_UNLIMITED_SELECT -D_REENTRANT   -Wno-error=implicit-function-declaration=implicit-function-declaration conftest.c  -L. -L/Users/ajinkya/.rvm/rubies/ruby-3.1.2/lib -L. -L/opt/homebrew/opt/libyaml/lib -L/opt/homebrew/opt/libksba/lib -L/opt/homebrew/opt/readline/lib -L/opt/homebrew/opt/zlib/lib -L/opt/homebrew/opt/openssl@1.1/lib -fstack-protector-strong -L/usr/local/lib     -lruby.3.1   "
warning: unknown warning option '-Werror=implicit-function-declaration=implicit-function-declaration'; did you mean '-Werror=implicit-function-declaration'? [-Wunknown-warning-option]
1 warning generated.
checked program was:
/* begin */
 1: #include "ruby.h"
 2: 
 3: typedef unsigned int rbcv_typedef_;
 4: rbcv_typedef_ *rbcv_ptr_;
 5: 
 6: #include <stdio.h>
 7: /*top*/
 8: typedef unsigned
 9: #ifdef PRI_LL_PREFIX
10: #define PRI_CONFTEST_PREFIX PRI_LL_PREFIX
11: LONG_LONG
12: #else
13: #define PRI_CONFTEST_PREFIX "l"
14: long
15: #endif
16: conftest_type;
17: conftest_type conftest_const = (conftest_type)(sizeof((*rbcv_ptr_)));
18: int main() {printf("%"PRI_CONFTEST_PREFIX"u\n", conftest_const); return 0;}
/* end */

DYLD_FALLBACK_LIBRARY_PATH=.:/Users/ajinkya/.rvm/rubies/ruby-3.1.2/lib ./conftest |
--------------------

check_sizeof: checking size of unsigned short... -------------------- 2

DYLD_FALLBACK_LIBRARY_PATH=.:/Users/ajinkya/.rvm/rubies/ruby-3.1.2/lib "gcc -I/Users/ajinkya/.rvm/rubies/ruby-3.1.2/include/ruby-3.1.0/arm64-darwin21 -I/Users/ajinkya/.rvm/rubies/ruby-3.1.2/include/ruby-3.1.0/ruby/backward -I/Users/ajinkya/.rvm/rubies/ruby-3.1.2/include/ruby-3.1.0 -I. -D_XOPEN_SOURCE -D_DARWIN_C_SOURCE -D_DARWIN_UNLIMITED_SELECT -D_REENTRANT   -Wno-error=implicit-function-declaration=implicit-function-declaration   -c conftest.c"
warning: unknown warning option '-Werror=implicit-function-declaration=implicit-function-declaration'; did you mean '-Werror=implicit-function-declaration'? [-Wunknown-warning-option]
conftest.c:7:20: error: 'conftest_const' declared as an array with a negative size
int conftest_const[(sizeof((*rbcv_ptr_)) < 0) ? 1 : -1];
                   ^~~~~~~~~~~~~~~~~~~~~~~~~~~~~~~~~~~
1 warning and 1 error generated.
checked program was:
/* begin */
1: #include "ruby.h"
2: 
3: typedef unsigned short rbcv_typedef_;
4: rbcv_typedef_ *rbcv_ptr_;
5: 
6: /*top*/
7: int conftest_const[(sizeof((*rbcv_ptr_)) < 0) ? 1 : -1];
/* end */

DYLD_FALLBACK_LIBRARY_PATH=.:/Users/ajinkya/.rvm/rubies/ruby-3.1.2/lib "gcc -o conftest -I/Users/ajinkya/.rvm/rubies/ruby-3.1.2/include/ruby-3.1.0/arm64-darwin21 -I/Users/ajinkya/.rvm/rubies/ruby-3.1.2/include/ruby-3.1.0/ruby/backward -I/Users/ajinkya/.rvm/rubies/ruby-3.1.2/include/ruby-3.1.0 -I. -D_XOPEN_SOURCE -D_DARWIN_C_SOURCE -D_DARWIN_UNLIMITED_SELECT -D_REENTRANT   -Wno-error=implicit-function-declaration=implicit-function-declaration conftest.c  -L. -L/Users/ajinkya/.rvm/rubies/ruby-3.1.2/lib -L. -L/opt/homebrew/opt/libyaml/lib -L/opt/homebrew/opt/libksba/lib -L/opt/homebrew/opt/readline/lib -L/opt/homebrew/opt/zlib/lib -L/opt/homebrew/opt/openssl@1.1/lib -fstack-protector-strong -L/usr/local/lib     -lruby.3.1   "
warning: unknown warning option '-Werror=implicit-function-declaration=implicit-function-declaration'; did you mean '-Werror=implicit-function-declaration'? [-Wunknown-warning-option]
1 warning generated.
checked program was:
/* begin */
 1: #include "ruby.h"
 2: 
 3: typedef unsigned short rbcv_typedef_;
 4: rbcv_typedef_ *rbcv_ptr_;
 5: 
 6: #include <stdio.h>
 7: /*top*/
 8: typedef unsigned
 9: #ifdef PRI_LL_PREFIX
10: #define PRI_CONFTEST_PREFIX PRI_LL_PREFIX
11: LONG_LONG
12: #else
13: #define PRI_CONFTEST_PREFIX "l"
14: long
15: #endif
16: conftest_type;
17: conftest_type conftest_const = (conftest_type)(sizeof((*rbcv_ptr_)));
18: int main() {printf("%"PRI_CONFTEST_PREFIX"u\n", conftest_const); return 0;}
/* end */

DYLD_FALLBACK_LIBRARY_PATH=.:/Users/ajinkya/.rvm/rubies/ruby-3.1.2/lib ./conftest |
--------------------

